<?xml version="1.0" encoding="UTF-8"?>
<!-- Generated by org.testng.reporters.JUnitReportReporter -->
<testsuite hostname="DESKTOP-ABJFIHD" failures="0" tests="12" name="TestCasesCRM.Categories" time="128.207" errors="0" timestamp="2023-03-17T14:15:04 IST" skipped="0">
  <testcase classname="TestCasesCRM.Categories" name="Categories_PreRequisite" time="32.945"/>
  <system-out/>
  <testcase classname="TestCasesCRM.Categories" name="Categories_VerifyDefaultCategory" time="13.594"/>
  <system-out/>
  <testcase classname="TestCasesCRM.Categories" name="Categories_UpdateDefaultResolutionTime" time="15.681"/>
  <system-out/>
  <testcase classname="TestCasesCRM.Categories" name="Categories_OpenCreateACategoryPopup" time="5.520"/>
  <system-out/>
  <testcase classname="TestCasesCRM.Categories" name="Categories_VerifyResolutionTimeOnCreateCategoryPopup" time="0.020"/>
  <system-out/>
  <testcase classname="TestCasesCRM.Categories" name="Categories_AddKeywordsAndCustomFields" time="8.717"/>
  <system-out/>
  <testcase classname="TestCasesCRM.Categories" name="Categories_VerifyLinkedEmailTemplates" time="13.924"/>
  <system-out/>
  <testcase classname="TestCasesCRM.Categories" name="Categories_VerifyCategoryCreation" time="9.427"/>
  <system-out/>
  <testcase classname="TestCasesCRM.Categories" name="Categories_VerifyNoCategoryCreationOnCancel" time="7.333"/>
  <system-out/>
  <testcase classname="TestCasesCRM.Categories" name="Categories_CantCreateCategoryWithExistingName" time="2.148"/>
  <system-out/>
  <testcase classname="TestCasesCRM.Categories" name="Categories_VerifyUpdatedCategory" time="18.844"/>
  <system-out/>
  <testcase classname="TestCasesCRM.Categories" name="Categories_VerifyAccurateCount" time="0.054"/>
  <system-out/>
</testsuite> <!-- TestCasesCRM.Categories -->
