<?xml version="1.0" encoding="UTF-8"?>
<!-- Generated by org.testng.reporters.JUnitReportReporter -->
<testsuite hostname="DESKTOP-ABJFIHD" failures="0" tests="6" name="TestCasesCRM.CreateAndLinkCase" time="157.128" errors="0" timestamp="2023-03-15T10:02:37 IST" skipped="0">
  <testcase classname="TestCasesCRM.CreateAndLinkCase" name="CreateAndLinkCase_PreRequisite" time="47.265"/>
  <system-out/>
  <testcase classname="TestCasesCRM.CreateAndLinkCase" name="CreateAndLinkCase_OpenCCPToLinkTheCase" time="16.338"/>
  <system-out/>
  <testcase classname="TestCasesCRM.CreateAndLinkCase" name="CreateAndLinkCase_VerifyAutopopulatedData" time="5.137"/>
  <system-out/>
  <testcase classname="TestCasesCRM.CreateAndLinkCase" name="CreateAndLinkCase_VerifyLinkedCase" time="41.927"/>
  <system-out/>
  <testcase classname="TestCasesCRM.CreateAndLinkCase" name="CreateAndLinkCase_VerifyDirectionToAssociatedSubmission" time="24.258"/>
  <system-out/>
  <testcase classname="TestCasesCRM.CreateAndLinkCase" name="CreateAndLinkCase_VerifyDirectionToAssociatedCase" time="22.203"/>
  <system-out/>
</testsuite> <!-- TestCasesCRM.CreateAndLinkCase -->
