<?xml version="1.0" encoding="UTF-8"?>
<!-- Generated by org.testng.reporters.JUnitReportReporter -->
<testsuite hostname="DESKTOP-ABJFIHD" failures="0" tests="19" name="TestCasesCRM.CSLP" time="309.827" errors="0" timestamp="2023-03-17T14:15:04 IST" skipped="0">
  <testcase classname="TestCasesCRM.CSLP" name="CSLP_VerifyCSLPOpensUP" time="11.249"/>
  <system-out/>
  <testcase classname="TestCasesCRM.CSLP" name="CSLP_VerifyPrimaryFilters" time="0.181"/>
  <system-out/>
  <testcase classname="TestCasesCRM.CSLP" name="CSLP_VerifyTagFilter" time="24.649"/>
  <system-out/>
  <testcase classname="TestCasesCRM.CSLP" name="CSLP_VerifyNavigationFromPagination" time="7.495"/>
  <system-out/>
  <testcase classname="TestCasesCRM.CSLP" name="CSLP_VerifyDescendingOrderOfSubmissions" time="1.290"/>
  <system-out/>
  <testcase classname="TestCasesCRM.CSLP" name="CSLP_VerifyAscendingOrderOfCases" time="10.712"/>
  <system-out/>
  <testcase classname="TestCasesCRM.CSLP" name="CSLP_VerifyDeletedSubmission" time="28.743"/>
  <system-out/>
  <testcase classname="TestCasesCRM.CSLP" name="CSLP_VerifyClearAllFiltersLinkText" time="12.298"/>
  <system-out/>
  <testcase classname="TestCasesCRM.CSLP" name="CSLP_VerifyClearAllFiltersAfterClicking" time="15.980"/>
  <system-out/>
  <testcase classname="TestCasesCRM.CSLP" name="CSLP_VerifyApplicationOfsecondaryFilters" time="16.360"/>
  <system-out/>
  <testcase classname="TestCasesCRM.CSLP" name="CSLP_VerifyFilterGetsRemoved" time="9.314"/>
  <system-out/>
  <testcase classname="TestCasesCRM.CSLP" name="CSLP_VerifyFilterAndSearch" time="31.500"/>
  <system-out/>
  <testcase classname="TestCasesCRM.CSLP" name="CSLP_VerifyRemovalOfColumns" time="24.741"/>
  <system-out/>
  <testcase classname="TestCasesCRM.CSLP" name="CSLP_VerifyRestorationOfColumns" time="17.688"/>
  <system-out/>
  <testcase classname="TestCasesCRM.CSLP" name="CSLP_VerifySavedFilter" time="24.215"/>
  <system-out/>
  <testcase classname="TestCasesCRM.CSLP" name="CSLP_VerifyDeletedFilter" time="10.674"/>
  <system-out/>
  <testcase classname="TestCasesCRM.CSLP" name="CSLP_VerifyCSVFile" time="20.408"/>
  <system-out/>
  <testcase classname="TestCasesCRM.CSLP" name="CSLP_VerifyDirectionToRespectiveSubmission" time="21.815"/>
  <system-out/>
  <testcase classname="TestCasesCRM.CSLP" name="CSLP_VerifySubmissionsForMineButton" time="20.515"/>
  <system-out/>
</testsuite> <!-- TestCasesCRM.CSLP -->
