<?xml version="1.0" encoding="UTF-8"?>
<!-- Generated by org.testng.reporters.JUnitReportReporter -->
<testsuite hostname="DESKTOP-ABJFIHD" failures="0" tests="4" name="TCsNewAgencySetup.AgencyCreation" time="74.102" errors="0" timestamp="2023-02-22T09:51:00 IST" skipped="0">
  <testcase classname="TCsNewAgencySetup.AgencyCreation" name="AgencyCreation_OpenCreateAgencyPopup" time="15.697"/>
  <system-out/>
  <testcase classname="TCsNewAgencySetup.AgencyCreation" name="AgencyCreation_ConfigureCE" time="15.164"/>
  <system-out/>
  <testcase classname="TCsNewAgencySetup.AgencyCreation" name="AgencyCreation_ConfigureCRM" time="14.665"/>
  <system-out/>
  <testcase classname="TCsNewAgencySetup.AgencyCreation" name="AgencyCreation_VerifyNewAgencyCreation" time="28.576"/>
  <system-out/>
</testsuite> <!-- TCsNewAgencySetup.AgencyCreation -->
