<?xml version="1.0" encoding="UTF-8"?>
<!-- Generated by org.testng.reporters.JUnitReportReporter -->
<testsuite hostname="DESKTOP-ABJFIHD" failures="0" tests="17" name="TestCasesCRM.CSDP" time="213.230" errors="0" timestamp="2023-03-07T13:25:10 IST" skipped="0">
  <testcase classname="TestCasesCRM.CSDP" name="CSDP_OpenCSDPAfterSubmissionCreation" time="54.191"/>
  <system-out/>
  <testcase classname="TestCasesCRM.CSDP" name="CSDP_ChangeDueByDate" time="4.401"/>
  <system-out/>
  <testcase classname="TestCasesCRM.CSDP" name="CSDP_VerifyInternalNotesContent" time="2.653"/>
  <system-out/>
  <testcase classname="TestCasesCRM.CSDP" name="CSDP_VerifyEscalatedIssue" time="0.979"/>
  <system-out/>
  <testcase classname="TestCasesCRM.CSDP" name="CSDP_VerifyReasonWithInternalNotes" time="1.602"/>
  <system-out/>
  <testcase classname="TestCasesCRM.CSDP" name="CSDP_VerifyNoEscalationOnCancel" time="0.841"/>
  <system-out/>
  <testcase classname="TestCasesCRM.CSDP" name="CSDP_VerifyDirectionToCoDP" time="13.387"/>
  <system-out/>
  <testcase classname="TestCasesCRM.CSDP" name="CSDP_VerifyDirectionToCSLPFromTags" time="19.745"/>
  <system-out/>
  <testcase classname="TestCasesCRM.CSDP" name="CSDP_VerifyAddedAttachments" time="7.309"/>
  <system-out/>
  <testcase classname="TestCasesCRM.CSDP" name="CSDP_VerifyAddedInternalNote" time="25.378"/>
  <system-out/>
  <testcase classname="TestCasesCRM.CSDP" name="CSDP_VerifyUpdatedNote" time="24.598"/>
  <system-out/>
  <testcase classname="TestCasesCRM.CSDP" name="CSDP_VerifyUserIsAbleToPrintCSD" time="11.430"/>
  <system-out/>
  <testcase classname="TestCasesCRM.CSDP" name="CSDP_VerifyMultipleTagsAddition" time="1.445"/>
  <system-out/>
  <testcase classname="TestCasesCRM.CSDP" name="CSDP_VerifyAdditionOfTasks" time="7.712"/>
  <system-out/>
  <testcase classname="TestCasesCRM.CSDP" name="CSDP_VerifyUpdationAndDeletionOfTasks" time="16.669"/>
  <system-out/>
  <testcase classname="TestCasesCRM.CSDP" name="CSDP_VerifyClosedSubmission" time="10.445"/>
  <system-out/>
  <testcase classname="TestCasesCRM.CSDP" name="CSDP_VerifyReopenedSubmission" time="10.445"/>
  <system-out/>
</testsuite> <!-- TestCasesCRM.CSDP -->
