<?xml version="1.0" encoding="UTF-8"?>
<!-- Generated by org.testng.reporters.JUnitReportReporter -->
<testsuite hostname="DESKTOP-ABJFIHD" failures="0" tests="8" name="TestCasesCRM.SubmissionSettings" time="382.560" errors="0" timestamp="2023-03-17T14:15:04 IST" skipped="0">
  <testcase classname="TestCasesCRM.SubmissionSettings" name="SubmissionSettings_VerifyToggleButtonsState" time="4.545"/>
  <system-out/>
  <testcase classname="TestCasesCRM.SubmissionSettings" name="SubmissionSettings_VerifyDiscardButtonFunctionality" time="7.413"/>
  <system-out/>
  <testcase classname="TestCasesCRM.SubmissionSettings" name="SubmissionSettings_VerifyChangesGetSaved" time="4.184"/>
  <system-out/>
  <testcase classname="TestCasesCRM.SubmissionSettings" name="SubmissionSettings_VerifyAutomaticClosingOfLinkedSubmission" time="151.436"/>
  <system-out/>
  <testcase classname="TestCasesCRM.SubmissionSettings" name="SubmissionSettings_VerifyCaseDoesntCloseForNoToggle" time="161.120"/>
  <system-out/>
  <testcase classname="TestCasesCRM.SubmissionSettings" name="SubmissionSettings_VerifyselectionOfAnonymousToggles" time="9.631"/>
  <system-out/>
  <testcase classname="TestCasesCRM.SubmissionSettings" name="SubmissionSettings_VerifyPostAnonymouslyForYesToggle" time="12.432"/>
  <system-out/>
  <testcase classname="TestCasesCRM.SubmissionSettings" name="SubmissionSettings_VerifyPostAnonymouslyForNoToggle" time="31.799"/>
  <system-out/>
</testsuite> <!-- TestCasesCRM.SubmissionSettings -->
