<?xml version="1.0" encoding="UTF-8"?>
<!-- Generated by org.testng.reporters.JUnitReportReporter -->
<testsuite hostname="DESKTOP-ABJFIHD" failures="0" tests="6" name="TestCasesCRM.CreateAndLinkCase" time="154.666" errors="0" timestamp="2023-03-07T13:25:10 IST" skipped="0">
  <testcase classname="TestCasesCRM.CreateAndLinkCase" name="CreateAndLinkCase_PreRequisite" time="47.000"/>
  <system-out/>
  <testcase classname="TestCasesCRM.CreateAndLinkCase" name="CreateAndLinkCase_OpenCCPToLinkTheCase" time="16.389"/>
  <system-out/>
  <testcase classname="TestCasesCRM.CreateAndLinkCase" name="CreateAndLinkCase_VerifyAutopopulatedData" time="5.150"/>
  <system-out/>
  <testcase classname="TestCasesCRM.CreateAndLinkCase" name="CreateAndLinkCase_VerifyLinkedCase" time="39.640"/>
  <system-out/>
  <testcase classname="TestCasesCRM.CreateAndLinkCase" name="CreateAndLinkCase_VerifyDirectionToAssociatedSubmission" time="24.224"/>
  <system-out/>
  <testcase classname="TestCasesCRM.CreateAndLinkCase" name="CreateAndLinkCase_VerifyDirectionToAssociatedCase" time="22.263"/>
  <system-out/>
</testsuite> <!-- TestCasesCRM.CreateAndLinkCase -->
