<?xml version="1.0" encoding="UTF-8"?>
<!-- Generated by org.testng.reporters.JUnitReportReporter -->
<testsuite hostname="DESKTOP-ABJFIHD" failures="0" tests="4" name="TCsNewAgencySetup.AgencyCreation" time="83.072" errors="0" timestamp="2023-03-10T11:14:37 IST" skipped="0">
  <testcase classname="TCsNewAgencySetup.AgencyCreation" name="AgencyCreation_OpenCreateAgencyPopup" time="16.190"/>
  <system-out/>
  <testcase classname="TCsNewAgencySetup.AgencyCreation" name="AgencyCreation_ConfigureCE" time="24.007"/>
  <system-out/>
  <testcase classname="TCsNewAgencySetup.AgencyCreation" name="AgencyCreation_ConfigureCRM" time="14.706"/>
  <system-out/>
  <testcase classname="TCsNewAgencySetup.AgencyCreation" name="AgencyCreation_VerifyNewAgencyCreation" time="28.169"/>
  <system-out/>
</testsuite> <!-- TCsNewAgencySetup.AgencyCreation -->
