<?xml version="1.0" encoding="UTF-8"?>
<!-- Generated by org.testng.reporters.JUnitReportReporter -->
<testsuite hostname="DESKTOP-ABJFIHD" failures="0" tests="13" name="TestCasesCRM.CSPInternal" time="138.902" errors="0" timestamp="2023-02-25T13:31:23 IST" skipped="0">
  <testcase classname="TestCasesCRM.CSPInternal" name="CSPInternal_Prerequisites" time="14.785"/>
  <system-out/>
  <testcase classname="TestCasesCRM.CSPInternal" name="CSPInternal_VerifyCSPOpensUp" time="15.536"/>
  <system-out/>
  <testcase classname="TestCasesCRM.CSPInternal" name="CSPInternal_VerifyPostAnonymouslycheckbox" time="0.040"/>
  <system-out/>
  <testcase classname="TestCasesCRM.CSPInternal" name="CSPInternal_VerifyCustomerInformationTile" time="3.141"/>
  <system-out/>
  <testcase classname="TestCasesCRM.CSPInternal" name="CSPInternal_AddExistingCustomer" time="12.980"/>
  <system-out/>
  <testcase classname="TestCasesCRM.CSPInternal" name="CSPInternal_VerifyCategoriesList" time="58.950"/>
  <system-out/>
  <testcase classname="TestCasesCRM.CSPInternal" name="CSPInternal_SearchAndAddCategory" time="4.381"/>
  <system-out/>
  <testcase classname="TestCasesCRM.CSPInternal" name="CSPInternal_LocationRequiredValCategory" time="4.163"/>
  <system-out/>
  <testcase classname="TestCasesCRM.CSPInternal" name="CSPInternal_CategoryWithLocationIncluded" time="6.874"/>
  <system-out/>
  <testcase classname="TestCasesCRM.CSPInternal" name="CSPInternal_VerifyIssueDescription" time="0.266"/>
  <system-out/>
  <testcase classname="TestCasesCRM.CSPInternal" name="CSPInternal_AddMultipleTags" time="0.696"/>
  <system-out/>
  <testcase classname="TestCasesCRM.CSPInternal" name="CSPInternal_AddAttachments" time="11.187"/>
  <system-out/>
  <testcase classname="TestCasesCRM.CSPInternal" name="CSPInternal_VerifySubmissionCreation" time="5.903"/>
  <system-out/>
</testsuite> <!-- TestCasesCRM.CSPInternal -->
