<?xml version="1.0" encoding="UTF-8"?>
<!-- Generated by org.testng.reporters.JUnitReportReporter -->
<testsuite hostname="DESKTOP-ABJFIHD" failures="0" tests="5" name="TestCasesCRM.ReportsCRM" time="137.892" errors="0" timestamp="2023-03-15T10:02:37 IST" skipped="0">
  <testcase classname="TestCasesCRM.ReportsCRM" name="Reports_PreRequisite" time="41.129"/>
  <system-out/>
  <testcase classname="TestCasesCRM.ReportsCRM" name="Reports_VerifyAdditionOfNewReports" time="26.871"/>
  <system-out/>
  <testcase classname="TestCasesCRM.ReportsCRM" name="Reports_VerifyEditedQSReport" time="23.537"/>
  <system-out/>
  <testcase classname="TestCasesCRM.ReportsCRM" name="Reports_VerifyCRMToggleForReports" time="23.545"/>
  <system-out/>
  <testcase classname="TestCasesCRM.ReportsCRM" name="Reports_VerifyAllCRMReports" time="22.810"/>
  <system-out/>
</testsuite> <!-- TestCasesCRM.ReportsCRM -->
