<?xml version="1.0" encoding="UTF-8"?>
<!-- Generated by org.testng.reporters.JUnitReportReporter -->
<testsuite hostname="DESKTOP-ABJFIHD" failures="0" tests="5" name="TestCasesCRM.ReportsCRM" time="129.323" errors="0" timestamp="2023-02-25T13:31:23 IST" skipped="0">
  <testcase classname="TestCasesCRM.ReportsCRM" name="Reports_PreRequisite" time="38.209"/>
  <system-out/>
  <testcase classname="TestCasesCRM.ReportsCRM" name="Reports_VerifyAdditionOfNewReports" time="23.529"/>
  <system-out/>
  <testcase classname="TestCasesCRM.ReportsCRM" name="Reports_VerifyEditedQSReport" time="23.383"/>
  <system-out/>
  <testcase classname="TestCasesCRM.ReportsCRM" name="Reports_VerifyCRMToggleForReports" time="21.702"/>
  <system-out/>
  <testcase classname="TestCasesCRM.ReportsCRM" name="Reports_VerifyAllCRMReports" time="22.500"/>
  <system-out/>
</testsuite> <!-- TestCasesCRM.ReportsCRM -->
