<?xml version="1.0" encoding="UTF-8"?>
<!-- Generated by org.testng.reporters.JUnitReportReporter -->
<testsuite hostname="DESKTOP-ABJFIHD" failures="0" tests="3" name="TCsNewAgencySetup.AppPreRequisites" time="186.017" errors="0" timestamp="2023-03-10T12:38:26 IST" skipped="0">
  <testcase classname="TCsNewAgencySetup.AppPreRequisites" name="AgencySetup_VerifyAppConfigurations" time="24.497"/>
  <system-out/>
  <testcase classname="TCsNewAgencySetup.AppPreRequisites" name="AgencySetup_VerifySuccessfulDirectionToCCP" time="30.475"/>
  <system-out/>
  <testcase classname="TCsNewAgencySetup.AppPreRequisites" name="AgencySetup_VerifyCaseCreationWithEntityViolation" time="131.045"/>
  <system-out/>
</testsuite> <!-- TCsNewAgencySetup.AppPreRequisites -->
