<?xml version="1.0" encoding="UTF-8"?>
<!-- Generated by org.testng.reporters.JUnitReportReporter -->
<testsuite hostname="DESKTOP-ABJFIHD" failures="0" tests="7" name="TestCasesCRM.SubmissionAssignment" time="87.960" errors="0" timestamp="2023-03-15T10:02:37 IST" skipped="0">
  <testcase classname="TestCasesCRM.SubmissionAssignment" name="SubmissionAssignment_OpenEditAssignmentPopup" time="18.853"/>
  <system-out/>
  <testcase classname="TestCasesCRM.SubmissionAssignment" name="SubmissionAssignment_VerifyNoUpdationWithoutARule" time="8.517"/>
  <system-out/>
  <testcase classname="TestCasesCRM.SubmissionAssignment" name="SubmissionAssignment_OpenCreateRulePopup" time="0.355"/>
  <system-out/>
  <testcase classname="TestCasesCRM.SubmissionAssignment" name="SubmissionAssignment_AddMultipleCriterias" time="20.573"/>
  <system-out/>
  <testcase classname="TestCasesCRM.SubmissionAssignment" name="SubmissionAssignment_EditAddedRule" time="7.008"/>
  <system-out/>
  <testcase classname="TestCasesCRM.SubmissionAssignment" name="SubmissionAssignment_DeleteAddedRule" time="0.181"/>
  <system-out/>
  <testcase classname="TestCasesCRM.SubmissionAssignment" name="SubmissionAssignment_AssignmentRuleUnderInactiveSection" time="32.473"/>
  <system-out/>
</testsuite> <!-- TestCasesCRM.SubmissionAssignment -->
