<?xml version="1.0" encoding="UTF-8"?>
<!-- Generated by org.testng.reporters.JUnitReportReporter -->
<testsuite hostname="DESKTOP-ABJFIHD" failures="0" tests="17" name="TestCasesCRM.CSDP" time="254.941" errors="0" timestamp="2023-03-15T10:02:37 IST" skipped="0">
  <testcase classname="TestCasesCRM.CSDP" name="CSDP_OpenCSDPAfterSubmissionCreation" time="61.849"/>
  <system-out/>
  <testcase classname="TestCasesCRM.CSDP" name="CSDP_ChangeDueByDate" time="7.458"/>
  <system-out/>
  <testcase classname="TestCasesCRM.CSDP" name="CSDP_VerifyInternalNotesContent" time="6.268"/>
  <system-out/>
  <testcase classname="TestCasesCRM.CSDP" name="CSDP_VerifyEscalatedIssue" time="1.944"/>
  <system-out/>
  <testcase classname="TestCasesCRM.CSDP" name="CSDP_VerifyReasonWithInternalNotes" time="5.738"/>
  <system-out/>
  <testcase classname="TestCasesCRM.CSDP" name="CSDP_VerifyNoEscalationOnCancel" time="0.425"/>
  <system-out/>
  <testcase classname="TestCasesCRM.CSDP" name="CSDP_VerifyDirectionToCoDP" time="13.402"/>
  <system-out/>
  <testcase classname="TestCasesCRM.CSDP" name="CSDP_VerifyDirectionToCSLPFromTags" time="20.245"/>
  <system-out/>
  <testcase classname="TestCasesCRM.CSDP" name="CSDP_VerifyAddedAttachments" time="7.312"/>
  <system-out/>
  <testcase classname="TestCasesCRM.CSDP" name="CSDP_VerifyAddedInternalNote" time="46.660"/>
  <system-out/>
  <testcase classname="TestCasesCRM.CSDP" name="CSDP_VerifyUpdatedNote" time="24.729"/>
  <system-out/>
  <testcase classname="TestCasesCRM.CSDP" name="CSDP_VerifyUserIsAbleToPrintCSD" time="11.413"/>
  <system-out/>
  <testcase classname="TestCasesCRM.CSDP" name="CSDP_VerifyMultipleTagsAddition" time="1.640"/>
  <system-out/>
  <testcase classname="TestCasesCRM.CSDP" name="CSDP_VerifyAdditionOfTasks" time="7.829"/>
  <system-out/>
  <testcase classname="TestCasesCRM.CSDP" name="CSDP_VerifyUpdationAndDeletionOfTasks" time="17.050"/>
  <system-out/>
  <testcase classname="TestCasesCRM.CSDP" name="CSDP_VerifyClosedSubmission" time="10.500"/>
  <system-out/>
  <testcase classname="TestCasesCRM.CSDP" name="CSDP_VerifyReopenedSubmission" time="10.479"/>
  <system-out/>
</testsuite> <!-- TestCasesCRM.CSDP -->
