<?xml version="1.0" encoding="UTF-8"?>
<!-- Generated by org.testng.reporters.JUnitReportReporter -->
<testsuite hostname="DESKTOP-ABJFIHD" failures="0" tests="12" name="TestCasesCRM.Categories" time="93.105" errors="0" timestamp="2023-02-25T13:31:23 IST" skipped="0">
  <testcase classname="TestCasesCRM.Categories" name="Categories_PreRequisite" time="7.349"/>
  <system-out/>
  <testcase classname="TestCasesCRM.Categories" name="Categories_VerifyDefaultCategory" time="5.489"/>
  <system-out/>
  <testcase classname="TestCasesCRM.Categories" name="Categories_UpdateDefaultResolutionTime" time="15.657"/>
  <system-out/>
  <testcase classname="TestCasesCRM.Categories" name="Categories_OpenCreateACategoryPopup" time="5.428"/>
  <system-out/>
  <testcase classname="TestCasesCRM.Categories" name="Categories_VerifyResolutionTimeOnCreateCategoryPopup" time="0.026"/>
  <system-out/>
  <testcase classname="TestCasesCRM.Categories" name="Categories_AddKeywordsAndCustomFields" time="8.741"/>
  <system-out/>
  <testcase classname="TestCasesCRM.Categories" name="Categories_VerifyLinkedEmailTemplates" time="13.850"/>
  <system-out/>
  <testcase classname="TestCasesCRM.Categories" name="Categories_VerifyCategoryCreation" time="9.307"/>
  <system-out/>
  <testcase classname="TestCasesCRM.Categories" name="Categories_VerifyNoCategoryCreationOnCancel" time="6.766"/>
  <system-out/>
  <testcase classname="TestCasesCRM.Categories" name="Categories_CantCreateCategoryWithExistingName" time="1.598"/>
  <system-out/>
  <testcase classname="TestCasesCRM.Categories" name="Categories_VerifyUpdatedCategory" time="18.842"/>
  <system-out/>
  <testcase classname="TestCasesCRM.Categories" name="Categories_VerifyAccurateCount" time="0.052"/>
  <system-out/>
</testsuite> <!-- TestCasesCRM.Categories -->
