<?xml version="1.0" encoding="UTF-8"?>
<!-- Generated by org.testng.reporters.JUnitReportReporter -->
<testsuite hostname="DESKTOP-ABJFIHD" failures="0" tests="11" name="TestCasesCRM.CSPExternal" time="172.960" errors="0" timestamp="2023-03-15T10:02:37 IST" skipped="0">
  <testcase classname="TestCasesCRM.CSPExternal" name="CSPExternal_PreRequisite_OpenReportAnIssuePage" time="37.071"/>
  <system-out/>
  <testcase classname="TestCasesCRM.CSPExternal" name="CSPExternal_VerifyIssueDescription" time="10.390"/>
  <system-out/>
  <testcase classname="TestCasesCRM.CSPExternal" name="CSPExternal_VerifyAddedAttachments" time="10.410"/>
  <system-out/>
  <testcase classname="TestCasesCRM.CSPExternal" name="CSPExternal_VerifyCorrespondingCategoryToKeyword" time="2.478"/>
  <system-out/>
  <testcase classname="TestCasesCRM.CSPExternal" name="CSPExternal_VerifyNoLocationSection" time="3.462"/>
  <system-out/>
  <testcase classname="TestCasesCRM.CSPExternal" name="CSPExternal_VerifyRequiredLocationSection" time="8.489"/>
  <system-out/>
  <testcase classname="TestCasesCRM.CSPExternal" name="CSPExternal_VerifyNonMandatoryLocationSection" time="9.237"/>
  <system-out/>
  <testcase classname="TestCasesCRM.CSPExternal" name="CSPExternal_VerifyMandatoryFieldsForNonAnonymous" time="3.899"/>
  <system-out/>
  <testcase classname="TestCasesCRM.CSPExternal" name="CSPExternal_VerifyEmailFieldPreference" time="4.576"/>
  <system-out/>
  <testcase classname="TestCasesCRM.CSPExternal" name="CSPExternal_VerifyAnonymousSubmission" time="6.526"/>
  <system-out/>
  <testcase classname="TestCasesCRM.CSPExternal" name="CSPExternal_VerifyNonAnonymousSubmission" time="76.422"/>
  <system-out/>
</testsuite> <!-- TestCasesCRM.CSPExternal -->
