<?xml version="1.0" encoding="UTF-8"?>
<!-- Generated by org.testng.reporters.JUnitReportReporter -->
<testsuite hostname="DESKTOP-ABJFIHD" failures="0" tests="9" name="TCsNewAgencySetup.TemplateManagement" time="312.372" errors="0" timestamp="2023-03-20T11:38:58 IST" skipped="0">
  <testcase classname="TCsNewAgencySetup.TemplateManagement" name="TemplateMangement_PreRequisite" time="39.136"/>
  <system-out/>
  <testcase classname="TCsNewAgencySetup.TemplateManagement" name="TemplateMangement_CloseandOpenCreateTemplatePOpup" time="23.530"/>
  <system-out/>
  <testcase classname="TCsNewAgencySetup.TemplateManagement" name="TemplateMangement_VerifyValidationsOnCreateTemplatePOpup" time="38.536"/>
  <system-out/>
  <testcase classname="TCsNewAgencySetup.TemplateManagement" name="TemplateMangement_VerifyAdditionofMultipleDocTemplatePOpup" time="20.611"/>
  <system-out/>
  <testcase classname="TCsNewAgencySetup.TemplateManagement" name="TemplateMangement_VerifyEmailPreviewPopDataAutoPopulated" time="40.658"/>
  <system-out/>
  <testcase classname="TCsNewAgencySetup.TemplateManagement" name="TemplateMangement_VerifyTemplateAdditionOfTemplate" time="15.558"/>
  <system-out/>
  <testcase classname="TCsNewAgencySetup.TemplateManagement" name="TemplateMangement_VerifyEditTheTemplate" time="39.044"/>
  <system-out/>
  <testcase classname="TCsNewAgencySetup.TemplateManagement" name="TemplateMangement_VerifyErrorMessgeOnAdditionOfExistingTemplate" time="53.913"/>
  <system-out/>
  <testcase classname="TCsNewAgencySetup.TemplateManagement" name="TemplateMangement_VerifyActivateAndDeActivateTemplate" time="41.386"/>
  <system-out/>
</testsuite> <!-- TCsNewAgencySetup.TemplateManagement -->
