<?xml version="1.0" encoding="UTF-8"?>
<!-- Generated by org.testng.reporters.JUnitReportReporter -->
<testsuite hostname="DESKTOP-ABJFIHD" failures="0" tests="4" name="TCsNewAgencySetup.AgencyCreation" time="90.181" errors="0" timestamp="2023-03-24T10:24:01 IST" skipped="0">
  <testcase classname="TCsNewAgencySetup.AgencyCreation" name="AgencyCreation_OpenCreateAgencyPopup" time="16.448"/>
  <system-out/>
  <testcase classname="TCsNewAgencySetup.AgencyCreation" name="AgencyCreation_ConfigureCE" time="25.031"/>
  <system-out/>
  <testcase classname="TCsNewAgencySetup.AgencyCreation" name="AgencyCreation_ConfigureCRM" time="15.778"/>
  <system-out/>
  <testcase classname="TCsNewAgencySetup.AgencyCreation" name="AgencyCreation_VerifyNewAgencyCreation" time="32.924"/>
  <system-out/>
</testsuite> <!-- TCsNewAgencySetup.AgencyCreation -->
