<?xml version="1.0" encoding="UTF-8"?>
<!-- Generated by org.testng.reporters.JUnitReportReporter -->
<testsuite hostname="DESKTOP-ABJFIHD" failures="0" tests="1" name="TCsNewAgencySetup.AppPreRequisites" time="24.931" errors="0" timestamp="2023-03-20T11:38:58 IST" skipped="0">
  <testcase classname="TCsNewAgencySetup.AppPreRequisites" name="AgencySetup_VerifyAppConfigurations" time="24.931"/>
  <system-out/>
</testsuite> <!-- TCsNewAgencySetup.AppPreRequisites -->
