<?xml version="1.0" encoding="UTF-8"?>
<!-- Generated by org.testng.reporters.JUnitReportReporter -->
<testsuite hostname="DESKTOP-ABJFIHD" failures="0" tests="17" name="TestCasesCRM.CSDP" time="213.607" errors="0" timestamp="2023-02-25T13:31:23 IST" skipped="0">
  <testcase classname="TestCasesCRM.CSDP" name="CSDP_OpenCSDPAfterSubmissionCreation" time="55.130"/>
  <system-out/>
  <testcase classname="TestCasesCRM.CSDP" name="CSDP_ChangeDueByDate" time="5.115"/>
  <system-out/>
  <testcase classname="TestCasesCRM.CSDP" name="CSDP_VerifyInternalNotesContent" time="2.696"/>
  <system-out/>
  <testcase classname="TestCasesCRM.CSDP" name="CSDP_VerifyEscalatedIssue" time="1.573"/>
  <system-out/>
  <testcase classname="TestCasesCRM.CSDP" name="CSDP_VerifyReasonWithInternalNotes" time="1.619"/>
  <system-out/>
  <testcase classname="TestCasesCRM.CSDP" name="CSDP_VerifyNoEscalationOnCancel" time="0.453"/>
  <system-out/>
  <testcase classname="TestCasesCRM.CSDP" name="CSDP_VerifyDirectionToCoDP" time="13.507"/>
  <system-out/>
  <testcase classname="TestCasesCRM.CSDP" name="CSDP_VerifyDirectionToCSLPFromTags" time="17.812"/>
  <system-out/>
  <testcase classname="TestCasesCRM.CSDP" name="CSDP_VerifyAddedAttachments" time="7.442"/>
  <system-out/>
  <testcase classname="TestCasesCRM.CSDP" name="CSDP_VerifyAddedInternalNote" time="36.425"/>
  <system-out/>
  <testcase classname="TestCasesCRM.CSDP" name="CSDP_VerifyUpdatedNote" time="18.982"/>
  <system-out/>
  <testcase classname="TestCasesCRM.CSDP" name="CSDP_VerifyUserIsAbleToPrintCSD" time="11.567"/>
  <system-out/>
  <testcase classname="TestCasesCRM.CSDP" name="CSDP_VerifyMultipleTagsAddition" time="1.764"/>
  <system-out/>
  <testcase classname="TestCasesCRM.CSDP" name="CSDP_VerifyAdditionOfTasks" time="2.815"/>
  <system-out/>
  <testcase classname="TestCasesCRM.CSDP" name="CSDP_VerifyUpdationAndDeletionOfTasks" time="15.493"/>
  <system-out/>
  <testcase classname="TestCasesCRM.CSDP" name="CSDP_VerifyClosedSubmission" time="10.616"/>
  <system-out/>
  <testcase classname="TestCasesCRM.CSDP" name="CSDP_VerifyReopenedSubmission" time="10.598"/>
  <system-out/>
</testsuite> <!-- TestCasesCRM.CSDP -->
