<?xml version="1.0" encoding="UTF-8"?>
<!-- Generated by org.testng.reporters.JUnitReportReporter -->
<testsuite hostname="DESKTOP-ABJFIHD" failures="0" tests="19" name="TestCasesCRM.CSLP" time="313.797" errors="0" timestamp="2023-03-15T10:02:37 IST" skipped="0">
  <testcase classname="TestCasesCRM.CSLP" name="CSLP_VerifyCSLPOpensUP" time="11.410"/>
  <system-out/>
  <testcase classname="TestCasesCRM.CSLP" name="CSLP_VerifyPrimaryFilters" time="0.145"/>
  <system-out/>
  <testcase classname="TestCasesCRM.CSLP" name="CSLP_VerifyTagFilter" time="14.339"/>
  <system-out/>
  <testcase classname="TestCasesCRM.CSLP" name="CSLP_VerifyNavigationFromPagination" time="7.702"/>
  <system-out/>
  <testcase classname="TestCasesCRM.CSLP" name="CSLP_VerifyDescendingOrderOfSubmissions" time="1.287"/>
  <system-out/>
  <testcase classname="TestCasesCRM.CSLP" name="CSLP_VerifyAscendingOrderOfCases" time="11.058"/>
  <system-out/>
  <testcase classname="TestCasesCRM.CSLP" name="CSLP_VerifyDeletedSubmission" time="31.417"/>
  <system-out/>
  <testcase classname="TestCasesCRM.CSLP" name="CSLP_VerifyClearAllFiltersLinkText" time="20.138"/>
  <system-out/>
  <testcase classname="TestCasesCRM.CSLP" name="CSLP_VerifyClearAllFiltersAfterClicking" time="16.808"/>
  <system-out/>
  <testcase classname="TestCasesCRM.CSLP" name="CSLP_VerifyApplicationOfsecondaryFilters" time="16.282"/>
  <system-out/>
  <testcase classname="TestCasesCRM.CSLP" name="CSLP_VerifyFilterGetsRemoved" time="9.432"/>
  <system-out/>
  <testcase classname="TestCasesCRM.CSLP" name="CSLP_VerifyFilterAndSearch" time="32.331"/>
  <system-out/>
  <testcase classname="TestCasesCRM.CSLP" name="CSLP_VerifyRemovalOfColumns" time="24.848"/>
  <system-out/>
  <testcase classname="TestCasesCRM.CSLP" name="CSLP_VerifyRestorationOfColumns" time="18.034"/>
  <system-out/>
  <testcase classname="TestCasesCRM.CSLP" name="CSLP_VerifySavedFilter" time="24.673"/>
  <system-out/>
  <testcase classname="TestCasesCRM.CSLP" name="CSLP_VerifyDeletedFilter" time="11.155"/>
  <system-out/>
  <testcase classname="TestCasesCRM.CSLP" name="CSLP_VerifyCSVFile" time="20.559"/>
  <system-out/>
  <testcase classname="TestCasesCRM.CSLP" name="CSLP_VerifyDirectionToRespectiveSubmission" time="21.737"/>
  <system-out/>
  <testcase classname="TestCasesCRM.CSLP" name="CSLP_VerifySubmissionsForMineButton" time="20.442"/>
  <system-out/>
</testsuite> <!-- TestCasesCRM.CSLP -->
