<?xml version="1.0" encoding="UTF-8"?>
<!-- Generated by org.testng.reporters.JUnitReportReporter -->
<testsuite hostname="DESKTOP-ABJFIHD" failures="0" tests="5" name="TestCasesCRM.CreateCRMUser" time="302.712" errors="0" timestamp="2023-03-15T10:02:37 IST" skipped="0">
  <testcase classname="TestCasesCRM.CreateCRMUser" name="CreateCRMUser_CreateStandardUser" time="37.427"/>
  <system-out/>
  <testcase classname="TestCasesCRM.CreateCRMUser" name="CreateCRMUser_CreateProductAdminUser" time="27.442"/>
  <system-out/>
  <testcase classname="TestCasesCRM.CreateCRMUser" name="CreateCRMUser_UpdateCEOnlyUserToCRMOnly" time="63.997"/>
  <system-out/>
  <testcase classname="TestCasesCRM.CreateCRMUser" name="CreateCRMUser_VerifyCRMProductAccessToCRMUser" time="90.833"/>
  <system-out/>
  <testcase classname="TestCasesCRM.CreateCRMUser" name="CreateCRMUser_VerifyNoCEAccessToCRMOnlyUser" time="83.013"/>
  <system-out/>
</testsuite> <!-- TestCasesCRM.CreateCRMUser -->
