<?xml version="1.0" encoding="UTF-8"?>
<!-- Generated by org.testng.reporters.JUnitReportReporter -->
<testsuite hostname="DESKTOP-ABJFIHD" failures="0" tests="7" name="TestCasesCRM.SubmissionAssignment" time="97.619" errors="0" timestamp="2023-03-17T14:15:04 IST" skipped="0">
  <testcase classname="TestCasesCRM.SubmissionAssignment" name="SubmissionAssignment_OpenEditAssignmentPopup" time="28.437"/>
  <system-out/>
  <testcase classname="TestCasesCRM.SubmissionAssignment" name="SubmissionAssignment_VerifyNoUpdationWithoutARule" time="8.584"/>
  <system-out/>
  <testcase classname="TestCasesCRM.SubmissionAssignment" name="SubmissionAssignment_OpenCreateRulePopup" time="0.392"/>
  <system-out/>
  <testcase classname="TestCasesCRM.SubmissionAssignment" name="SubmissionAssignment_AddMultipleCriterias" time="20.494"/>
  <system-out/>
  <testcase classname="TestCasesCRM.SubmissionAssignment" name="SubmissionAssignment_EditAddedRule" time="6.997"/>
  <system-out/>
  <testcase classname="TestCasesCRM.SubmissionAssignment" name="SubmissionAssignment_DeleteAddedRule" time="0.183"/>
  <system-out/>
  <testcase classname="TestCasesCRM.SubmissionAssignment" name="SubmissionAssignment_AssignmentRuleUnderInactiveSection" time="32.532"/>
  <system-out/>
</testsuite> <!-- TestCasesCRM.SubmissionAssignment -->
