<?xml version="1.0" encoding="UTF-8"?>
<!-- Generated by org.testng.reporters.JUnitReportReporter -->
<testsuite hostname="DESKTOP-ABJFIHD" failures="0" tests="1" name="TCsNewAgencySetup.SLA" time="724.367" errors="0" timestamp="2023-03-27T10:24:54 IST" skipped="0">
  <testcase classname="TCsNewAgencySetup.SLA" name="AgencySetup_CreateSLA_AddRule" time="724.367"/>
  <system-out/>
</testsuite> <!-- TCsNewAgencySetup.SLA -->
