<?xml version="1.0" encoding="UTF-8"?>
<!-- Generated by org.testng.reporters.JUnitReportReporter -->
<testsuite hostname="DESKTOP-ABJFIHD" failures="0" tests="11" name="TestCasesCRM.CSPExternal" time="168.849" errors="0" timestamp="2023-03-17T14:15:04 IST" skipped="0">
  <testcase classname="TestCasesCRM.CSPExternal" name="CSPExternal_PreRequisite_OpenReportAnIssuePage" time="36.758"/>
  <system-out/>
  <testcase classname="TestCasesCRM.CSPExternal" name="CSPExternal_VerifyIssueDescription" time="9.071"/>
  <system-out/>
  <testcase classname="TestCasesCRM.CSPExternal" name="CSPExternal_VerifyAddedAttachments" time="10.325"/>
  <system-out/>
  <testcase classname="TestCasesCRM.CSPExternal" name="CSPExternal_VerifyCorrespondingCategoryToKeyword" time="1.898"/>
  <system-out/>
  <testcase classname="TestCasesCRM.CSPExternal" name="CSPExternal_VerifyNoLocationSection" time="3.334"/>
  <system-out/>
  <testcase classname="TestCasesCRM.CSPExternal" name="CSPExternal_VerifyRequiredLocationSection" time="7.912"/>
  <system-out/>
  <testcase classname="TestCasesCRM.CSPExternal" name="CSPExternal_VerifyNonMandatoryLocationSection" time="8.677"/>
  <system-out/>
  <testcase classname="TestCasesCRM.CSPExternal" name="CSPExternal_VerifyMandatoryFieldsForNonAnonymous" time="3.588"/>
  <system-out/>
  <testcase classname="TestCasesCRM.CSPExternal" name="CSPExternal_VerifyEmailFieldPreference" time="4.419"/>
  <system-out/>
  <testcase classname="TestCasesCRM.CSPExternal" name="CSPExternal_VerifyAnonymousSubmission" time="6.989"/>
  <system-out/>
  <testcase classname="TestCasesCRM.CSPExternal" name="CSPExternal_VerifyNonAnonymousSubmission" time="75.878"/>
  <system-out/>
</testsuite> <!-- TestCasesCRM.CSPExternal -->
