<?xml version="1.0" encoding="UTF-8"?>
<!-- Generated by org.testng.reporters.JUnitReportReporter -->
<testsuite hostname="DESKTOP-ABJFIHD" failures="0" tests="13" name="TestCasesCRM.CSPInternal" time="123.093" errors="0" timestamp="2023-03-07T13:25:10 IST" skipped="0">
  <testcase classname="TestCasesCRM.CSPInternal" name="CSPInternal_Prerequisites" time="7.397"/>
  <system-out/>
  <testcase classname="TestCasesCRM.CSPInternal" name="CSPInternal_VerifyCSPOpensUp" time="15.405"/>
  <system-out/>
  <testcase classname="TestCasesCRM.CSPInternal" name="CSPInternal_VerifyPostAnonymouslycheckbox" time="0.031"/>
  <system-out/>
  <testcase classname="TestCasesCRM.CSPInternal" name="CSPInternal_VerifyCustomerInformationTile" time="3.103"/>
  <system-out/>
  <testcase classname="TestCasesCRM.CSPInternal" name="CSPInternal_AddExistingCustomer" time="11.397"/>
  <system-out/>
  <testcase classname="TestCasesCRM.CSPInternal" name="CSPInternal_VerifyCategoriesList" time="59.575"/>
  <system-out/>
  <testcase classname="TestCasesCRM.CSPInternal" name="CSPInternal_SearchAndAddCategory" time="4.249"/>
  <system-out/>
  <testcase classname="TestCasesCRM.CSPInternal" name="CSPInternal_LocationRequiredValCategory" time="4.154"/>
  <system-out/>
  <testcase classname="TestCasesCRM.CSPInternal" name="CSPInternal_CategoryWithLocationIncluded" time="6.802"/>
  <system-out/>
  <testcase classname="TestCasesCRM.CSPInternal" name="CSPInternal_VerifyIssueDescription" time="0.104"/>
  <system-out/>
  <testcase classname="TestCasesCRM.CSPInternal" name="CSPInternal_AddMultipleTags" time="0.221"/>
  <system-out/>
  <testcase classname="TestCasesCRM.CSPInternal" name="CSPInternal_AddAttachments" time="5.240"/>
  <system-out/>
  <testcase classname="TestCasesCRM.CSPInternal" name="CSPInternal_VerifySubmissionCreation" time="5.415"/>
  <system-out/>
</testsuite> <!-- TestCasesCRM.CSPInternal -->
