<?xml version="1.0" encoding="UTF-8"?>
<!-- Generated by org.testng.reporters.JUnitReportReporter -->
<testsuite hostname="DESKTOP-ABJFIHD" failures="0" tests="13" name="TestCasesCRM.CSPInternal" time="142.400" errors="0" timestamp="2023-03-15T10:02:37 IST" skipped="0">
  <testcase classname="TestCasesCRM.CSPInternal" name="CSPInternal_Prerequisites" time="10.319"/>
  <system-out/>
  <testcase classname="TestCasesCRM.CSPInternal" name="CSPInternal_VerifyCSPOpensUp" time="15.466"/>
  <system-out/>
  <testcase classname="TestCasesCRM.CSPInternal" name="CSPInternal_VerifyPostAnonymouslycheckbox" time="0.036"/>
  <system-out/>
  <testcase classname="TestCasesCRM.CSPInternal" name="CSPInternal_VerifyCustomerInformationTile" time="3.116"/>
  <system-out/>
  <testcase classname="TestCasesCRM.CSPInternal" name="CSPInternal_AddExistingCustomer" time="14.857"/>
  <system-out/>
  <testcase classname="TestCasesCRM.CSPInternal" name="CSPInternal_VerifyCategoriesList" time="71.784"/>
  <system-out/>
  <testcase classname="TestCasesCRM.CSPInternal" name="CSPInternal_SearchAndAddCategory" time="4.322"/>
  <system-out/>
  <testcase classname="TestCasesCRM.CSPInternal" name="CSPInternal_LocationRequiredValCategory" time="4.193"/>
  <system-out/>
  <testcase classname="TestCasesCRM.CSPInternal" name="CSPInternal_CategoryWithLocationIncluded" time="6.345"/>
  <system-out/>
  <testcase classname="TestCasesCRM.CSPInternal" name="CSPInternal_VerifyIssueDescription" time="0.194"/>
  <system-out/>
  <testcase classname="TestCasesCRM.CSPInternal" name="CSPInternal_AddMultipleTags" time="0.324"/>
  <system-out/>
  <testcase classname="TestCasesCRM.CSPInternal" name="CSPInternal_AddAttachments" time="5.341"/>
  <system-out/>
  <testcase classname="TestCasesCRM.CSPInternal" name="CSPInternal_VerifySubmissionCreation" time="6.103"/>
  <system-out/>
</testsuite> <!-- TestCasesCRM.CSPInternal -->
