<?xml version="1.0" encoding="UTF-8"?>
<!-- Generated by org.testng.reporters.JUnitReportReporter -->
<testsuite hostname="DESKTOP-ABJFIHD" failures="0" tests="8" name="TestCasesCRM.SubmissionSettings" time="352.814" errors="0" timestamp="2023-02-25T13:31:23 IST" skipped="0">
  <testcase classname="TestCasesCRM.SubmissionSettings" name="SubmissionSettings_VerifyToggleButtonsState" time="5.200"/>
  <system-out/>
  <testcase classname="TestCasesCRM.SubmissionSettings" name="SubmissionSettings_VerifyDiscardButtonFunctionality" time="7.518"/>
  <system-out/>
  <testcase classname="TestCasesCRM.SubmissionSettings" name="SubmissionSettings_VerifyChangesGetSaved" time="4.274"/>
  <system-out/>
  <testcase classname="TestCasesCRM.SubmissionSettings" name="SubmissionSettings_VerifyAutomaticClosingOfLinkedSubmission" time="137.196"/>
  <system-out/>
  <testcase classname="TestCasesCRM.SubmissionSettings" name="SubmissionSettings_VerifyCaseDoesntCloseForNoToggle" time="147.211"/>
  <system-out/>
  <testcase classname="TestCasesCRM.SubmissionSettings" name="SubmissionSettings_VerifyselectionOfAnonymousToggles" time="10.413"/>
  <system-out/>
  <testcase classname="TestCasesCRM.SubmissionSettings" name="SubmissionSettings_VerifyPostAnonymouslyForYesToggle" time="12.535"/>
  <system-out/>
  <testcase classname="TestCasesCRM.SubmissionSettings" name="SubmissionSettings_VerifyPostAnonymouslyForNoToggle" time="28.467"/>
  <system-out/>
</testsuite> <!-- TestCasesCRM.SubmissionSettings -->
