<?xml version="1.0" encoding="UTF-8"?>
<!-- Generated by org.testng.reporters.JUnitReportReporter -->
<testsuite hostname="DESKTOP-ABJFIHD" failures="0" tests="4" name="TCsNewAgencySetup.AgencyCreation" time="85.531" errors="0" timestamp="2023-03-14T15:40:09 IST" skipped="0">
  <testcase classname="TCsNewAgencySetup.AgencyCreation" name="AgencyCreation_OpenCreateAgencyPopup" time="16.101"/>
  <system-out/>
  <testcase classname="TCsNewAgencySetup.AgencyCreation" name="AgencyCreation_ConfigureCE" time="23.774"/>
  <system-out/>
  <testcase classname="TCsNewAgencySetup.AgencyCreation" name="AgencyCreation_ConfigureCRM" time="14.653"/>
  <system-out/>
  <testcase classname="TCsNewAgencySetup.AgencyCreation" name="AgencyCreation_VerifyNewAgencyCreation" time="31.003"/>
  <system-out/>
</testsuite> <!-- TCsNewAgencySetup.AgencyCreation -->
