<?xml version="1.0" encoding="UTF-8"?>
<!-- Generated by org.testng.reporters.JUnitReportReporter -->
<testsuite hostname="DESKTOP-ABJFIHD" failures="0" tests="7" name="TestCasesCRM.SubmissionAssignment" time="86.225" errors="0" timestamp="2023-03-07T13:25:10 IST" skipped="0">
  <testcase classname="TestCasesCRM.SubmissionAssignment" name="SubmissionAssignment_OpenEditAssignmentPopup" time="18.396"/>
  <system-out/>
  <testcase classname="TestCasesCRM.SubmissionAssignment" name="SubmissionAssignment_VerifyNoUpdationWithoutARule" time="8.438"/>
  <system-out/>
  <testcase classname="TestCasesCRM.SubmissionAssignment" name="SubmissionAssignment_OpenCreateRulePopup" time="0.376"/>
  <system-out/>
  <testcase classname="TestCasesCRM.SubmissionAssignment" name="SubmissionAssignment_AddMultipleCriterias" time="20.053"/>
  <system-out/>
  <testcase classname="TestCasesCRM.SubmissionAssignment" name="SubmissionAssignment_EditAddedRule" time="6.777"/>
  <system-out/>
  <testcase classname="TestCasesCRM.SubmissionAssignment" name="SubmissionAssignment_DeleteAddedRule" time="0.152"/>
  <system-out/>
  <testcase classname="TestCasesCRM.SubmissionAssignment" name="SubmissionAssignment_AssignmentRuleUnderInactiveSection" time="32.033"/>
  <system-out/>
</testsuite> <!-- TestCasesCRM.SubmissionAssignment -->
