<?xml version="1.0" encoding="UTF-8"?>
<!-- Generated by org.testng.reporters.JUnitReportReporter -->
<testsuite hostname="DESKTOP-ABJFIHD" failures="0" tests="8" name="TestCasesCRM.SubmissionSettings" time="388.748" errors="0" timestamp="2023-03-15T10:02:37 IST" skipped="0">
  <testcase classname="TestCasesCRM.SubmissionSettings" name="SubmissionSettings_VerifyToggleButtonsState" time="4.617"/>
  <system-out/>
  <testcase classname="TestCasesCRM.SubmissionSettings" name="SubmissionSettings_VerifyDiscardButtonFunctionality" time="7.344"/>
  <system-out/>
  <testcase classname="TestCasesCRM.SubmissionSettings" name="SubmissionSettings_VerifyChangesGetSaved" time="4.180"/>
  <system-out/>
  <testcase classname="TestCasesCRM.SubmissionSettings" name="SubmissionSettings_VerifyAutomaticClosingOfLinkedSubmission" time="150.539"/>
  <system-out/>
  <testcase classname="TestCasesCRM.SubmissionSettings" name="SubmissionSettings_VerifyCaseDoesntCloseForNoToggle" time="166.753"/>
  <system-out/>
  <testcase classname="TestCasesCRM.SubmissionSettings" name="SubmissionSettings_VerifyselectionOfAnonymousToggles" time="9.969"/>
  <system-out/>
  <testcase classname="TestCasesCRM.SubmissionSettings" name="SubmissionSettings_VerifyPostAnonymouslyForYesToggle" time="12.412"/>
  <system-out/>
  <testcase classname="TestCasesCRM.SubmissionSettings" name="SubmissionSettings_VerifyPostAnonymouslyForNoToggle" time="32.934"/>
  <system-out/>
</testsuite> <!-- TestCasesCRM.SubmissionSettings -->
