<?xml version="1.0" encoding="UTF-8"?>
<!-- Generated by org.testng.reporters.JUnitReportReporter -->
<testsuite hostname="DESKTOP-ABJFIHD" failures="0" tests="8" name="TestCasesCRM.SubmissionSettings" time="364.358" errors="0" timestamp="2023-03-07T13:25:10 IST" skipped="0">
  <testcase classname="TestCasesCRM.SubmissionSettings" name="SubmissionSettings_VerifyToggleButtonsState" time="3.732"/>
  <system-out/>
  <testcase classname="TestCasesCRM.SubmissionSettings" name="SubmissionSettings_VerifyDiscardButtonFunctionality" time="7.428"/>
  <system-out/>
  <testcase classname="TestCasesCRM.SubmissionSettings" name="SubmissionSettings_VerifyChangesGetSaved" time="4.154"/>
  <system-out/>
  <testcase classname="TestCasesCRM.SubmissionSettings" name="SubmissionSettings_VerifyAutomaticClosingOfLinkedSubmission" time="147.111"/>
  <system-out/>
  <testcase classname="TestCasesCRM.SubmissionSettings" name="SubmissionSettings_VerifyCaseDoesntCloseForNoToggle" time="153.867"/>
  <system-out/>
  <testcase classname="TestCasesCRM.SubmissionSettings" name="SubmissionSettings_VerifyselectionOfAnonymousToggles" time="9.262"/>
  <system-out/>
  <testcase classname="TestCasesCRM.SubmissionSettings" name="SubmissionSettings_VerifyPostAnonymouslyForYesToggle" time="12.405"/>
  <system-out/>
  <testcase classname="TestCasesCRM.SubmissionSettings" name="SubmissionSettings_VerifyPostAnonymouslyForNoToggle" time="26.399"/>
  <system-out/>
</testsuite> <!-- TestCasesCRM.SubmissionSettings -->
