<?xml version="1.0" encoding="UTF-8"?>
<!-- Generated by org.testng.reporters.JUnitReportReporter -->
<testsuite hostname="DESKTOP-ABJFIHD" failures="0" tests="13" name="TestCasesCRM.CSPInternal" time="160.526" errors="0" timestamp="2023-03-17T14:15:04 IST" skipped="0">
  <testcase classname="TestCasesCRM.CSPInternal" name="CSPInternal_Prerequisites" time="15.673"/>
  <system-out/>
  <testcase classname="TestCasesCRM.CSPInternal" name="CSPInternal_VerifyCSPOpensUp" time="15.463"/>
  <system-out/>
  <testcase classname="TestCasesCRM.CSPInternal" name="CSPInternal_VerifyPostAnonymouslycheckbox" time="0.029"/>
  <system-out/>
  <testcase classname="TestCasesCRM.CSPInternal" name="CSPInternal_VerifyCustomerInformationTile" time="3.110"/>
  <system-out/>
  <testcase classname="TestCasesCRM.CSPInternal" name="CSPInternal_AddExistingCustomer" time="11.292"/>
  <system-out/>
  <testcase classname="TestCasesCRM.CSPInternal" name="CSPInternal_VerifyCategoriesList" time="85.734"/>
  <system-out/>
  <testcase classname="TestCasesCRM.CSPInternal" name="CSPInternal_SearchAndAddCategory" time="4.391"/>
  <system-out/>
  <testcase classname="TestCasesCRM.CSPInternal" name="CSPInternal_LocationRequiredValCategory" time="4.228"/>
  <system-out/>
  <testcase classname="TestCasesCRM.CSPInternal" name="CSPInternal_CategoryWithLocationIncluded" time="6.885"/>
  <system-out/>
  <testcase classname="TestCasesCRM.CSPInternal" name="CSPInternal_VerifyIssueDescription" time="0.171"/>
  <system-out/>
  <testcase classname="TestCasesCRM.CSPInternal" name="CSPInternal_AddMultipleTags" time="0.263"/>
  <system-out/>
  <testcase classname="TestCasesCRM.CSPInternal" name="CSPInternal_AddAttachments" time="5.296"/>
  <system-out/>
  <testcase classname="TestCasesCRM.CSPInternal" name="CSPInternal_VerifySubmissionCreation" time="7.991"/>
  <system-out/>
</testsuite> <!-- TestCasesCRM.CSPInternal -->
