<?xml version="1.0" encoding="UTF-8"?>
<!-- Generated by org.testng.reporters.JUnitReportReporter -->
<testsuite hostname="DESKTOP-ABJFIHD" failures="0" tests="11" name="TestCasesCRM.CSPExternal" time="1124.121" errors="0" timestamp="2023-02-25T13:31:23 IST" skipped="0">
  <testcase classname="TestCasesCRM.CSPExternal" name="CSPExternal_PreRequisite_OpenReportAnIssuePage" time="35.499"/>
  <system-out/>
  <testcase classname="TestCasesCRM.CSPExternal" name="CSPExternal_VerifyIssueDescription" time="7.004"/>
  <system-out/>
  <testcase classname="TestCasesCRM.CSPExternal" name="CSPExternal_VerifyAddedAttachments" time="10.426"/>
  <system-out/>
  <testcase classname="TestCasesCRM.CSPExternal" name="CSPExternal_VerifyCorrespondingCategoryToKeyword" time="1.778"/>
  <system-out/>
  <testcase classname="TestCasesCRM.CSPExternal" name="CSPExternal_VerifyNoLocationSection" time="3.490"/>
  <system-out/>
  <testcase classname="TestCasesCRM.CSPExternal" name="CSPExternal_VerifyRequiredLocationSection" time="8.502"/>
  <system-out/>
  <testcase classname="TestCasesCRM.CSPExternal" name="CSPExternal_VerifyNonMandatoryLocationSection" time="9.063"/>
  <system-out/>
  <testcase classname="TestCasesCRM.CSPExternal" name="CSPExternal_VerifyMandatoryFieldsForNonAnonymous" time="3.868"/>
  <system-out/>
  <testcase classname="TestCasesCRM.CSPExternal" name="CSPExternal_VerifyEmailFieldPreference" time="4.626"/>
  <system-out/>
  <testcase classname="TestCasesCRM.CSPExternal" name="CSPExternal_VerifyAnonymousSubmission" time="2.432"/>
  <system-out/>
  <testcase classname="TestCasesCRM.CSPExternal" name="CSPExternal_VerifyNonAnonymousSubmission" time="1037.433"/>
  <system-out/>
</testsuite> <!-- TestCasesCRM.CSPExternal -->
