<?xml version="1.0" encoding="UTF-8"?>
<!-- Generated by org.testng.reporters.JUnitReportReporter -->
<testsuite hostname="DESKTOP-ABJFIHD" failures="1" tests="19" name="TestCasesCRM.CSLP" time="292.432" errors="0" timestamp="2023-02-25T13:31:23 IST" skipped="0">
  <testcase classname="TestCasesCRM.CSLP" name="CSLP_VerifyCSLPOpensUP" time="11.546"/>
  <system-out/>
  <testcase classname="TestCasesCRM.CSLP" name="CSLP_VerifyPrimaryFilters" time="0.163"/>
  <system-out/>
  <testcase classname="TestCasesCRM.CSLP" name="CSLP_VerifyTagFilter" time="10.427"/>
  <system-out/>
  <testcase classname="TestCasesCRM.CSLP" name="CSLP_VerifyNavigationFromPagination" time="7.535"/>
  <system-out/>
  <testcase classname="TestCasesCRM.CSLP" name="CSLP_VerifyDescendingOrderOfSubmissions" time="1.345"/>
  <system-out/>
  <testcase classname="TestCasesCRM.CSLP" name="CSLP_VerifyAscendingOrderOfCases" time="10.783"/>
  <system-out/>
  <testcase classname="TestCasesCRM.CSLP" name="CSLP_VerifyDeletedSubmission" time="27.270"/>
  <system-out/>
  <testcase classname="TestCasesCRM.CSLP" name="CSLP_VerifyClearAllFiltersLinkText" time="12.897"/>
  <system-out/>
  <testcase classname="TestCasesCRM.CSLP" name="CSLP_VerifyClearAllFiltersAfterClicking" time="13.074"/>
  <system-out/>
  <testcase classname="TestCasesCRM.CSLP" name="CSLP_VerifyApplicationOfsecondaryFilters" time="16.011"/>
  <system-out/>
  <testcase classname="TestCasesCRM.CSLP" name="CSLP_VerifyFilterGetsRemoved" time="9.304"/>
  <system-out/>
  <testcase classname="TestCasesCRM.CSLP" name="CSLP_VerifyFilterAndSearch" time="31.422"/>
  <system-out/>
  <testcase classname="TestCasesCRM.CSLP" name="CSLP_VerifyRemovalOfColumns" time="24.793"/>
  <system-out/>
  <testcase classname="TestCasesCRM.CSLP" name="CSLP_VerifyRestorationOfColumns" time="17.756"/>
  <system-out/>
  <testcase classname="TestCasesCRM.CSLP" name="CSLP_VerifySavedFilter" time="24.399"/>
  <system-out/>
  <testcase classname="TestCasesCRM.CSLP" name="CSLP_VerifyDeletedFilter" time="10.865"/>
  <system-out/>
  <testcase classname="TestCasesCRM.CSLP" name="CSLP_VerifyCSVFile" time="20.398">
    <failure message="The following asserts failed:
	expected [CSV file downloaded successfully] but found [null]" type="java.lang.AssertionError">
      <![CDATA[java.lang.AssertionError: The following asserts failed:
expected [CSV file downloaded successfully] but found [null]
at org.testng.asserts.SoftAssert.assertAll(SoftAssert.java:46)
at org.testng.asserts.SoftAssert.assertAll(SoftAssert.java:30)
at TestCasesCRM.CSLP.CSLP_VerifyCSVFile(CSLP.java:199)
at java.base/jdk.internal.reflect.NativeMethodAccessorImpl.invoke0(Native Method)
at java.base/jdk.internal.reflect.NativeMethodAccessorImpl.invoke(NativeMethodAccessorImpl.java:77)
at java.base/jdk.internal.reflect.DelegatingMethodAccessorImpl.invoke(DelegatingMethodAccessorImpl.java:43)
at java.base/java.lang.reflect.Method.invoke(Method.java:568)
at org.testng.internal.invokers.MethodInvocationHelper.invokeMethod(MethodInvocationHelper.java:135)
at org.testng.internal.invokers.TestInvoker.invokeMethod(TestInvoker.java:673)
at org.testng.internal.invokers.TestInvoker.invokeTestMethod(TestInvoker.java:220)
at org.testng.internal.invokers.MethodRunner.runInSequence(MethodRunner.java:50)
at org.testng.internal.invokers.TestInvoker$MethodInvocationAgent.invoke(TestInvoker.java:945)
at org.testng.internal.invokers.TestInvoker.invokeTestMethods(TestInvoker.java:193)
at org.testng.internal.invokers.TestMethodWorker.invokeTestMethods(TestMethodWorker.java:146)
at org.testng.internal.invokers.TestMethodWorker.run(TestMethodWorker.java:128)
at java.base/java.util.ArrayList.forEach(ArrayList.java:1511)
at org.testng.TestRunner.privateRun(TestRunner.java:808)
at org.testng.TestRunner.run(TestRunner.java:603)
at org.testng.SuiteRunner.runTest(SuiteRunner.java:429)
at org.testng.SuiteRunner.runSequentially(SuiteRunner.java:423)
at org.testng.SuiteRunner.privateRun(SuiteRunner.java:383)
at org.testng.SuiteRunner.run(SuiteRunner.java:326)
at org.testng.SuiteRunnerWorker.runSuite(SuiteRunnerWorker.java:52)
at org.testng.SuiteRunnerWorker.run(SuiteRunnerWorker.java:95)
at org.testng.TestNG.runSuitesSequentially(TestNG.java:1249)
at org.testng.TestNG.runSuitesLocally(TestNG.java:1169)
at org.testng.TestNG.runSuites(TestNG.java:1092)
at org.testng.TestNG.run(TestNG.java:1060)
at org.testng.remote.AbstractRemoteTestNG.run(AbstractRemoteTestNG.java:115)
at org.testng.remote.RemoteTestNG.initAndRun(RemoteTestNG.java:251)
at org.testng.remote.RemoteTestNG.main(RemoteTestNG.java:77)
]]>
    </failure>
  </testcase> <!-- CSLP_VerifyCSVFile -->
  <system-out/>
  <testcase classname="TestCasesCRM.CSLP" name="CSLP_VerifyDirectionToRespectiveSubmission" time="21.670"/>
  <system-out/>
  <testcase classname="TestCasesCRM.CSLP" name="CSLP_VerifySubmissionsForMineButton" time="20.774"/>
  <system-out/>
</testsuite> <!-- TestCasesCRM.CSLP -->
