<?xml version="1.0" encoding="UTF-8"?>
<!-- Generated by org.testng.reporters.JUnitReportReporter -->
<testsuite hostname="DESKTOP-ABJFIHD" failures="0" tests="6" name="TestCasesCRM.CreateAndLinkCase" time="147.072" errors="0" timestamp="2023-02-25T13:31:23 IST" skipped="0">
  <testcase classname="TestCasesCRM.CreateAndLinkCase" name="CreateAndLinkCase_PreRequisite" time="50.598"/>
  <system-out/>
  <testcase classname="TestCasesCRM.CreateAndLinkCase" name="CreateAndLinkCase_OpenCCPToLinkTheCase" time="16.611"/>
  <system-out/>
  <testcase classname="TestCasesCRM.CreateAndLinkCase" name="CreateAndLinkCase_VerifyAutopopulatedData" time="5.180"/>
  <system-out/>
  <testcase classname="TestCasesCRM.CreateAndLinkCase" name="CreateAndLinkCase_VerifyLinkedCase" time="31.085"/>
  <system-out/>
  <testcase classname="TestCasesCRM.CreateAndLinkCase" name="CreateAndLinkCase_VerifyDirectionToAssociatedSubmission" time="24.298"/>
  <system-out/>
  <testcase classname="TestCasesCRM.CreateAndLinkCase" name="CreateAndLinkCase_VerifyDirectionToAssociatedCase" time="19.300"/>
  <system-out/>
</testsuite> <!-- TestCasesCRM.CreateAndLinkCase -->
