<?xml version="1.0" encoding="UTF-8"?>
<!-- Generated by org.testng.reporters.JUnitReportReporter -->
<testsuite hostname="DESKTOP-ABJFIHD" failures="0" tests="6" name="TestCasesCRM.CreateAndLinkCase" time="155.448" errors="0" timestamp="2023-03-17T14:15:04 IST" skipped="0">
  <testcase classname="TestCasesCRM.CreateAndLinkCase" name="CreateAndLinkCase_PreRequisite" time="47.316"/>
  <system-out/>
  <testcase classname="TestCasesCRM.CreateAndLinkCase" name="CreateAndLinkCase_OpenCCPToLinkTheCase" time="16.406"/>
  <system-out/>
  <testcase classname="TestCasesCRM.CreateAndLinkCase" name="CreateAndLinkCase_VerifyAutopopulatedData" time="5.152"/>
  <system-out/>
  <testcase classname="TestCasesCRM.CreateAndLinkCase" name="CreateAndLinkCase_VerifyLinkedCase" time="40.066"/>
  <system-out/>
  <testcase classname="TestCasesCRM.CreateAndLinkCase" name="CreateAndLinkCase_VerifyDirectionToAssociatedSubmission" time="24.261"/>
  <system-out/>
  <testcase classname="TestCasesCRM.CreateAndLinkCase" name="CreateAndLinkCase_VerifyDirectionToAssociatedCase" time="22.247"/>
  <system-out/>
</testsuite> <!-- TestCasesCRM.CreateAndLinkCase -->
