<?xml version="1.0" encoding="UTF-8"?>
<!-- Generated by org.testng.reporters.JUnitReportReporter -->
<testsuite hostname="DESKTOP-ABJFIHD" failures="0" tests="1" name="TestCasesCRM.Login" time="10.967" errors="0" timestamp="2023-03-10T12:38:26 IST" skipped="0">
  <testcase classname="TestCasesCRM.Login" name="LoginAdmin" time="10.967"/>
  <system-out/>
</testsuite> <!-- TestCasesCRM.Login -->
