<?xml version="1.0" encoding="UTF-8"?>
<!-- Generated by org.testng.reporters.JUnitReportReporter -->
<testsuite hostname="DESKTOP-ABJFIHD" failures="0" tests="5" name="TestCasesCRM.CreateCRMUser" time="1180.430" errors="0" timestamp="2023-02-25T13:31:23 IST" skipped="0">
  <testcase classname="TestCasesCRM.CreateCRMUser" name="CreateCRMUser_CreateStandardUser" time="37.586"/>
  <system-out/>
  <testcase classname="TestCasesCRM.CreateCRMUser" name="CreateCRMUser_CreateProductAdminUser" time="28.927"/>
  <system-out/>
  <testcase classname="TestCasesCRM.CreateCRMUser" name="CreateCRMUser_UpdateCEOnlyUserToCRMOnly" time="63.142"/>
  <system-out/>
  <testcase classname="TestCasesCRM.CreateCRMUser" name="CreateCRMUser_VerifyCRMProductAccessToCRMUser" time="613.378"/>
  <system-out/>
  <testcase classname="TestCasesCRM.CreateCRMUser" name="CreateCRMUser_VerifyNoCEAccessToCRMOnlyUser" time="437.397"/>
  <system-out/>
</testsuite> <!-- TestCasesCRM.CreateCRMUser -->
