<?xml version="1.0" encoding="UTF-8"?>
<!-- Generated by org.testng.reporters.JUnitReportReporter -->
<testsuite hostname="DESKTOP-ABJFIHD" failures="0" tests="9" name="TCsNewAgencySetup.TemplateManagement" time="333.068" errors="0" timestamp="2023-03-24T13:12:50 IST" skipped="0">
  <testcase classname="TCsNewAgencySetup.TemplateManagement" name="TemplateMangement_PreRequisite" time="46.233"/>
  <system-out/>
  <testcase classname="TCsNewAgencySetup.TemplateManagement" name="TemplateMangement_CloseandOpenCreateTemplatePOpup" time="23.583"/>
  <system-out/>
  <testcase classname="TCsNewAgencySetup.TemplateManagement" name="TemplateMangement_VerifyValidationsOnCreateTemplatePOpup" time="38.387"/>
  <system-out/>
  <testcase classname="TCsNewAgencySetup.TemplateManagement" name="TemplateMangement_VerifyAdditionofMultipleDocTemplatePOpup" time="34.547"/>
  <system-out/>
  <testcase classname="TCsNewAgencySetup.TemplateManagement" name="TemplateMangement_VerifyEmailPreviewPopDataAutoPopulated" time="40.600"/>
  <system-out/>
  <testcase classname="TCsNewAgencySetup.TemplateManagement" name="TemplateMangement_VerifyTemplateAdditionOfTemplate" time="15.544"/>
  <system-out/>
  <testcase classname="TCsNewAgencySetup.TemplateManagement" name="TemplateMangement_VerifyEditTheTemplate" time="39.057"/>
  <system-out/>
  <testcase classname="TCsNewAgencySetup.TemplateManagement" name="TemplateMangement_VerifyErrorMessgeOnAdditionOfExistingTemplate" time="53.743"/>
  <system-out/>
  <testcase classname="TCsNewAgencySetup.TemplateManagement" name="TemplateMangement_VerifyActivateAndDeActivateTemplate" time="41.374"/>
  <system-out/>
</testsuite> <!-- TCsNewAgencySetup.TemplateManagement -->
