<?xml version="1.0" encoding="UTF-8"?>
<!-- Generated by org.testng.reporters.JUnitReportReporter -->
<testsuite hostname="DESKTOP-ABJFIHD" failures="0" tests="5" name="TestCasesCRM.ReportsCRM" time="130.208" errors="0" timestamp="2023-03-07T13:25:10 IST" skipped="0">
  <testcase classname="TestCasesCRM.ReportsCRM" name="Reports_PreRequisite" time="38.240"/>
  <system-out/>
  <testcase classname="TestCasesCRM.ReportsCRM" name="Reports_VerifyAdditionOfNewReports" time="24.768"/>
  <system-out/>
  <testcase classname="TestCasesCRM.ReportsCRM" name="Reports_VerifyEditedQSReport" time="22.939"/>
  <system-out/>
  <testcase classname="TestCasesCRM.ReportsCRM" name="Reports_VerifyCRMToggleForReports" time="21.856"/>
  <system-out/>
  <testcase classname="TestCasesCRM.ReportsCRM" name="Reports_VerifyAllCRMReports" time="22.405"/>
  <system-out/>
</testsuite> <!-- TestCasesCRM.ReportsCRM -->
