<?xml version="1.0" encoding="UTF-8"?>
<!-- Generated by org.testng.reporters.JUnitReportReporter -->
<testsuite hostname="DESKTOP-ABJFIHD" failures="0" tests="11" name="TestCasesCRM.CSPExternal" time="148.153" errors="0" timestamp="2023-03-07T13:25:10 IST" skipped="0">
  <testcase classname="TestCasesCRM.CSPExternal" name="CSPExternal_PreRequisite_OpenReportAnIssuePage" time="35.663"/>
  <system-out/>
  <testcase classname="TestCasesCRM.CSPExternal" name="CSPExternal_VerifyIssueDescription" time="6.637"/>
  <system-out/>
  <testcase classname="TestCasesCRM.CSPExternal" name="CSPExternal_VerifyAddedAttachments" time="10.340"/>
  <system-out/>
  <testcase classname="TestCasesCRM.CSPExternal" name="CSPExternal_VerifyCorrespondingCategoryToKeyword" time="1.603"/>
  <system-out/>
  <testcase classname="TestCasesCRM.CSPExternal" name="CSPExternal_VerifyNoLocationSection" time="3.433"/>
  <system-out/>
  <testcase classname="TestCasesCRM.CSPExternal" name="CSPExternal_VerifyRequiredLocationSection" time="8.114"/>
  <system-out/>
  <testcase classname="TestCasesCRM.CSPExternal" name="CSPExternal_VerifyNonMandatoryLocationSection" time="8.529"/>
  <system-out/>
  <testcase classname="TestCasesCRM.CSPExternal" name="CSPExternal_VerifyMandatoryFieldsForNonAnonymous" time="3.503"/>
  <system-out/>
  <testcase classname="TestCasesCRM.CSPExternal" name="CSPExternal_VerifyEmailFieldPreference" time="4.332"/>
  <system-out/>
  <testcase classname="TestCasesCRM.CSPExternal" name="CSPExternal_VerifyAnonymousSubmission" time="2.295"/>
  <system-out/>
  <testcase classname="TestCasesCRM.CSPExternal" name="CSPExternal_VerifyNonAnonymousSubmission" time="63.704"/>
  <system-out/>
</testsuite> <!-- TestCasesCRM.CSPExternal -->
