<?xml version="1.0" encoding="UTF-8"?>
<!-- Generated by org.testng.reporters.JUnitReportReporter -->
<testsuite hostname="DESKTOP-ABJFIHD" failures="0" tests="12" name="TestCasesCRM.Categories" time="103.856" errors="0" timestamp="2023-03-07T13:25:10 IST" skipped="0">
  <testcase classname="TestCasesCRM.Categories" name="Categories_PreRequisite" time="10.458"/>
  <system-out/>
  <testcase classname="TestCasesCRM.Categories" name="Categories_VerifyDefaultCategory" time="13.438"/>
  <system-out/>
  <testcase classname="TestCasesCRM.Categories" name="Categories_UpdateDefaultResolutionTime" time="15.553"/>
  <system-out/>
  <testcase classname="TestCasesCRM.Categories" name="Categories_OpenCreateACategoryPopup" time="5.419"/>
  <system-out/>
  <testcase classname="TestCasesCRM.Categories" name="Categories_VerifyResolutionTimeOnCreateCategoryPopup" time="0.022"/>
  <system-out/>
  <testcase classname="TestCasesCRM.Categories" name="Categories_AddKeywordsAndCustomFields" time="8.372"/>
  <system-out/>
  <testcase classname="TestCasesCRM.Categories" name="Categories_VerifyLinkedEmailTemplates" time="13.816"/>
  <system-out/>
  <testcase classname="TestCasesCRM.Categories" name="Categories_VerifyCategoryCreation" time="9.333"/>
  <system-out/>
  <testcase classname="TestCasesCRM.Categories" name="Categories_VerifyNoCategoryCreationOnCancel" time="7.216"/>
  <system-out/>
  <testcase classname="TestCasesCRM.Categories" name="Categories_CantCreateCategoryWithExistingName" time="1.458"/>
  <system-out/>
  <testcase classname="TestCasesCRM.Categories" name="Categories_VerifyUpdatedCategory" time="18.715"/>
  <system-out/>
  <testcase classname="TestCasesCRM.Categories" name="Categories_VerifyAccurateCount" time="0.056"/>
  <system-out/>
</testsuite> <!-- TestCasesCRM.Categories -->
