<?xml version="1.0" encoding="UTF-8"?>
<!-- Generated by org.testng.reporters.JUnitReportReporter -->
<testsuite hostname="DESKTOP-ABJFIHD" failures="0" tests="17" name="TestCasesCRM.CSDP" time="247.089" errors="0" timestamp="2023-03-17T14:15:04 IST" skipped="0">
  <testcase classname="TestCasesCRM.CSDP" name="CSDP_OpenCSDPAfterSubmissionCreation" time="57.454"/>
  <system-out/>
  <testcase classname="TestCasesCRM.CSDP" name="CSDP_ChangeDueByDate" time="6.691"/>
  <system-out/>
  <testcase classname="TestCasesCRM.CSDP" name="CSDP_VerifyInternalNotesContent" time="2.740"/>
  <system-out/>
  <testcase classname="TestCasesCRM.CSDP" name="CSDP_VerifyEscalatedIssue" time="1.688"/>
  <system-out/>
  <testcase classname="TestCasesCRM.CSDP" name="CSDP_VerifyReasonWithInternalNotes" time="1.076"/>
  <system-out/>
  <testcase classname="TestCasesCRM.CSDP" name="CSDP_VerifyNoEscalationOnCancel" time="0.460"/>
  <system-out/>
  <testcase classname="TestCasesCRM.CSDP" name="CSDP_VerifyDirectionToCoDP" time="13.423"/>
  <system-out/>
  <testcase classname="TestCasesCRM.CSDP" name="CSDP_VerifyDirectionToCSLPFromTags" time="27.404"/>
  <system-out/>
  <testcase classname="TestCasesCRM.CSDP" name="CSDP_VerifyAddedAttachments" time="7.427"/>
  <system-out/>
  <testcase classname="TestCasesCRM.CSDP" name="CSDP_VerifyAddedInternalNote" time="44.576"/>
  <system-out/>
  <testcase classname="TestCasesCRM.CSDP" name="CSDP_VerifyUpdatedNote" time="24.753"/>
  <system-out/>
  <testcase classname="TestCasesCRM.CSDP" name="CSDP_VerifyUserIsAbleToPrintCSD" time="11.494"/>
  <system-out/>
  <testcase classname="TestCasesCRM.CSDP" name="CSDP_VerifyMultipleTagsAddition" time="2.170"/>
  <system-out/>
  <testcase classname="TestCasesCRM.CSDP" name="CSDP_VerifyAdditionOfTasks" time="7.836"/>
  <system-out/>
  <testcase classname="TestCasesCRM.CSDP" name="CSDP_VerifyUpdationAndDeletionOfTasks" time="16.880"/>
  <system-out/>
  <testcase classname="TestCasesCRM.CSDP" name="CSDP_VerifyClosedSubmission" time="10.498"/>
  <system-out/>
  <testcase classname="TestCasesCRM.CSDP" name="CSDP_VerifyReopenedSubmission" time="10.519"/>
  <system-out/>
</testsuite> <!-- TestCasesCRM.CSDP -->
