<?xml version="1.0" encoding="UTF-8"?>
<!-- Generated by org.testng.reporters.JUnitReportReporter -->
<testsuite hostname="DESKTOP-ABJFIHD" failures="0" tests="1" name="TCsNewAgencySetup.TemplateManagement" time="152.886" errors="0" timestamp="2023-03-16T12:57:52 IST" skipped="0">
  <testcase classname="TCsNewAgencySetup.TemplateManagement" name="TemplateMangement_VerifyEmailPreviewPopDataAutoPopulated" time="152.886"/>
  <system-out/>
</testsuite> <!-- TCsNewAgencySetup.TemplateManagement -->
