<?xml version="1.0" encoding="UTF-8"?>
<!-- Generated by org.testng.reporters.JUnitReportReporter -->
<testsuite hostname="DESKTOP-ABJFIHD" failures="0" tests="1" name="TestCasesCRM.Login" time="17.875" errors="0" timestamp="2023-02-27T10:24:01 IST" skipped="0">
  <testcase classname="TestCasesCRM.Login" name="LoginAgencyStage" time="17.875"/>
  <system-out/>
</testsuite> <!-- TestCasesCRM.Login -->
