<?xml version="1.0" encoding="UTF-8"?>
<!-- Generated by org.testng.reporters.JUnitReportReporter -->
<testsuite hostname="DESKTOP-ABJFIHD" failures="0" tests="7" name="TestCasesCRM.SubmissionAssignment" time="75.924" errors="0" timestamp="2023-02-25T13:31:23 IST" skipped="0">
  <testcase classname="TestCasesCRM.SubmissionAssignment" name="SubmissionAssignment_OpenEditAssignmentPopup" time="20.068"/>
  <system-out/>
  <testcase classname="TestCasesCRM.SubmissionAssignment" name="SubmissionAssignment_VerifyNoUpdationWithoutARule" time="8.474"/>
  <system-out/>
  <testcase classname="TestCasesCRM.SubmissionAssignment" name="SubmissionAssignment_OpenCreateRulePopup" time="0.312"/>
  <system-out/>
  <testcase classname="TestCasesCRM.SubmissionAssignment" name="SubmissionAssignment_AddMultipleCriterias" time="20.074"/>
  <system-out/>
  <testcase classname="TestCasesCRM.SubmissionAssignment" name="SubmissionAssignment_EditAddedRule" time="6.748"/>
  <system-out/>
  <testcase classname="TestCasesCRM.SubmissionAssignment" name="SubmissionAssignment_DeleteAddedRule" time="0.160"/>
  <system-out/>
  <testcase classname="TestCasesCRM.SubmissionAssignment" name="SubmissionAssignment_AssignmentRuleUnderInactiveSection" time="20.088"/>
  <system-out/>
</testsuite> <!-- TestCasesCRM.SubmissionAssignment -->
