<?xml version="1.0" encoding="UTF-8"?>
<!-- Generated by org.testng.reporters.JUnitReportReporter -->
<testsuite hostname="DESKTOP-ABJFIHD" failures="0" tests="5" name="TestCasesCRM.CreateCRMUser" time="312.766" errors="0" timestamp="2023-03-07T13:25:10 IST" skipped="0">
  <testcase classname="TestCasesCRM.CreateCRMUser" name="CreateCRMUser_CreateStandardUser" time="34.567"/>
  <system-out/>
  <testcase classname="TestCasesCRM.CreateCRMUser" name="CreateCRMUser_CreateProductAdminUser" time="27.017"/>
  <system-out/>
  <testcase classname="TestCasesCRM.CreateCRMUser" name="CreateCRMUser_UpdateCEOnlyUserToCRMOnly" time="62.005"/>
  <system-out/>
  <testcase classname="TestCasesCRM.CreateCRMUser" name="CreateCRMUser_VerifyCRMProductAccessToCRMUser" time="94.751"/>
  <system-out/>
  <testcase classname="TestCasesCRM.CreateCRMUser" name="CreateCRMUser_VerifyNoCEAccessToCRMOnlyUser" time="94.426"/>
  <system-out/>
</testsuite> <!-- TestCasesCRM.CreateCRMUser -->
