<?xml version="1.0" encoding="UTF-8"?>
<!-- Generated by org.testng.reporters.JUnitReportReporter -->
<testsuite hostname="DESKTOP-ABJFIHD" failures="0" tests="12" name="TestCasesCRM.Categories" time="104.089" errors="0" timestamp="2023-03-15T10:02:37 IST" skipped="0">
  <testcase classname="TestCasesCRM.Categories" name="Categories_PreRequisite" time="9.891"/>
  <system-out/>
  <testcase classname="TestCasesCRM.Categories" name="Categories_VerifyDefaultCategory" time="13.571"/>
  <system-out/>
  <testcase classname="TestCasesCRM.Categories" name="Categories_UpdateDefaultResolutionTime" time="15.641"/>
  <system-out/>
  <testcase classname="TestCasesCRM.Categories" name="Categories_OpenCreateACategoryPopup" time="5.537"/>
  <system-out/>
  <testcase classname="TestCasesCRM.Categories" name="Categories_VerifyResolutionTimeOnCreateCategoryPopup" time="0.025"/>
  <system-out/>
  <testcase classname="TestCasesCRM.Categories" name="Categories_AddKeywordsAndCustomFields" time="8.671"/>
  <system-out/>
  <testcase classname="TestCasesCRM.Categories" name="Categories_VerifyLinkedEmailTemplates" time="13.922"/>
  <system-out/>
  <testcase classname="TestCasesCRM.Categories" name="Categories_VerifyCategoryCreation" time="9.400"/>
  <system-out/>
  <testcase classname="TestCasesCRM.Categories" name="Categories_VerifyNoCategoryCreationOnCancel" time="6.888"/>
  <system-out/>
  <testcase classname="TestCasesCRM.Categories" name="Categories_CantCreateCategoryWithExistingName" time="1.617"/>
  <system-out/>
  <testcase classname="TestCasesCRM.Categories" name="Categories_VerifyUpdatedCategory" time="18.874"/>
  <system-out/>
  <testcase classname="TestCasesCRM.Categories" name="Categories_VerifyAccurateCount" time="0.052"/>
  <system-out/>
</testsuite> <!-- TestCasesCRM.Categories -->
