<?xml version="1.0" encoding="UTF-8"?>
<!-- Generated by org.testng.reporters.JUnitReportReporter -->
<testsuite hostname="sqe-IdeaPad-5-15ITL05" failures="0" tests="49" name="TestCases.PerformInspection" time="49.848" errors="0" timestamp="2022-05-09T10:11:14 IST" skipped="0">
  <testcase classname="TestCases.PerformInspection" name="PreRequisiteContacts" time="1.021"/>
  <system-out/>
  <testcase classname="TestCases.PerformInspection" name="TC_PIP_01" time="1.695"/>
  <system-out/>
  <testcase classname="TestCases.PerformInspection" name="TC_PIP_02" time="0.135"/>
  <system-out/>
  <testcase classname="TestCases.PerformInspection" name="TC_PIP_03" time="1.043"/>
  <system-out/>
  <testcase classname="TestCases.PerformInspection" name="TC_PIP_04" time="0.192"/>
  <system-out/>
  <testcase classname="TestCases.PerformInspection" name="TC_PIP_05" time="0.034"/>
  <system-out/>
  <testcase classname="TestCases.PerformInspection" name="TC_PIP_06" time="0.099"/>
  <system-out/>
  <testcase classname="TestCases.PerformInspection" name="TC_PIP_07" time="1.185"/>
  <system-out/>
  <testcase classname="TestCases.PerformInspection" name="TC_PIP_08" time="0.117"/>
  <system-out/>
  <testcase classname="TestCases.PerformInspection" name="TC_PIP_09" time="0.154"/>
  <system-out/>
  <testcase classname="TestCases.PerformInspection" name="TC_PIP_10" time="0.106"/>
  <system-out/>
  <testcase classname="TestCases.PerformInspection" name="TC_PIP_11" time="2.100"/>
  <system-out/>
  <testcase classname="TestCases.PerformInspection" name="TC_PIP_12" time="1.107"/>
  <system-out/>
  <testcase classname="TestCases.PerformInspection" name="TC_PIP_13" time="0.311"/>
  <system-out/>
  <testcase classname="TestCases.PerformInspection" name="TC_PIP_14" time="0.027"/>
  <system-out/>
  <testcase classname="TestCases.PerformInspection" name="TC_PIP_15" time="0.028"/>
  <system-out/>
  <testcase classname="TestCases.PerformInspection" name="TC_PIP_16" time="3.113"/>
  <system-out/>
  <testcase classname="TestCases.PerformInspection" name="TC_PIP_17" time="0.177"/>
  <system-out/>
  <testcase classname="TestCases.PerformInspection" name="TC_PIP_18" time="6.455"/>
  <system-out/>
  <testcase classname="TestCases.PerformInspection" name="TC_PIP_19" time="1.162"/>
  <system-out/>
  <testcase classname="TestCases.PerformInspection" name="TC_PIP_20" time="0.054"/>
  <system-out/>
  <testcase classname="TestCases.PerformInspection" name="TC_PIP_21" time="3.572"/>
  <system-out/>
  <testcase classname="TestCases.PerformInspection" name="TC_PIP_22" time="0.031"/>
  <system-out/>
  <testcase classname="TestCases.PerformInspection" name="TC_PIP_23" time="0.164"/>
  <system-out/>
  <testcase classname="TestCases.PerformInspection" name="TC_PIP_24" time="1.127"/>
  <system-out/>
  <testcase classname="TestCases.PerformInspection" name="TC_PIP_25" time="0.152"/>
  <system-out/>
  <testcase classname="TestCases.PerformInspection" name="TC_PIP_26" time="0.252"/>
  <system-out/>
  <testcase classname="TestCases.PerformInspection" name="TC_PIP_27" time="2.131"/>
  <system-out/>
  <testcase classname="TestCases.PerformInspection" name="TC_PIP_28" time="0.100"/>
  <system-out/>
  <testcase classname="TestCases.PerformInspection" name="TC_PIP_29" time="2.302"/>
  <system-out/>
  <testcase classname="TestCases.PerformInspection" name="TC_PIP_30" time="0.290"/>
  <system-out/>
  <testcase classname="TestCases.PerformInspection" name="TC_PIP_33" time="0.221"/>
  <system-out/>
  <testcase classname="TestCases.PerformInspection" name="TC_PIP_34" time="0.024"/>
  <system-out/>
  <testcase classname="TestCases.PerformInspection" name="TC_PIP_35" time="0.253"/>
  <system-out/>
  <testcase classname="TestCases.PerformInspection" name="TC_PIP_36" time="0.129"/>
  <system-out/>
  <testcase classname="TestCases.PerformInspection" name="TC_PIP_37" time="0.029"/>
  <system-out/>
  <testcase classname="TestCases.PerformInspection" name="TC_PIP_38" time="0.706"/>
  <system-out/>
  <testcase classname="TestCases.PerformInspection" name="TC_PIP_39" time="2.088"/>
  <system-out/>
  <testcase classname="TestCases.PerformInspection" name="TC_PIP_40" time="0.027"/>
  <system-out/>
  <testcase classname="TestCases.PerformInspection" name="TC_PIP_41" time="0.651"/>
  <system-out/>
  <testcase classname="TestCases.PerformInspection" name="TC_PIP_42" time="2.105"/>
  <system-out/>
  <testcase classname="TestCases.PerformInspection" name="TC_PIP_43" time="1.175"/>
  <system-out/>
  <testcase classname="TestCases.PerformInspection" name="TC_PIP_44" time="3.096"/>
  <system-out/>
  <testcase classname="TestCases.PerformInspection" name="TC_PIP_45" time="4.375"/>
  <system-out/>
  <testcase classname="TestCases.PerformInspection" name="TC_PIP_46" time="0.024"/>
  <system-out/>
  <testcase classname="TestCases.PerformInspection" name="TC_PIP_47" time="0.101"/>
  <system-out/>
  <testcase classname="TestCases.PerformInspection" name="TC_PIP_48" time="0.140"/>
  <system-out/>
  <testcase classname="TestCases.PerformInspection" name="TC_PIP_49" time="2.081"/>
  <system-out/>
  <testcase classname="TestCases.PerformInspection" name="TC_PIP_50" time="2.187"/>
  <system-out/>
</testsuite> <!-- TestCases.PerformInspection -->
